2025-07-05 17:40:51 minor refactor
2025-11-25 05:39:45 minor tweaks
2025-03-18 00:22:10 minor changes
2025-07-23 13:08:05 update database schema
2025-09-10 12:02:04 rollback changes
2025-01-08 06:30:57 fix encoding issue
2025-01-19 23:54:28 optimize function
2025-03-29 03:54:12 update configs
2025-05-18 09:31:14 add integration tests
2025-09-25 10:27:56 update documentation
2025-02-11 20:40:17 fix typo in code
2025-08-21 03:14:05 improve logging format
2025-09-10 06:31:03 fix null pointer
2025-06-09 10:02:29 update gitignore
2025-05-02 15:09:56 add example file
2025-11-15 05:36:42 improve caching
2025-04-26 00:23:33 tweak configs
2025-09-22 12:19:37 restructure project
2025-07-23 03:49:39 add comments
2025-12-23 18:58:13 optimize queries
2025-01-29 08:18:40 reformat code
2025-12-08 21:25:52 fix compatibility
2025-12-17 22:16:22 cleanup code
2025-01-12 22:12:06 enhance logging
2025-03-31 01:01:24 patch vulnerability
2025-11-16 14:58:22 add helper function
2025-05-02 06:52:57 optimize queries
2025-08-29 16:43:17 reduce complexity
2025-02-26 05:07:39 update configs
2025-08-26 12:32:13 merge branch
2025-11-06 21:38:46 rollback changes
2025-03-25 05:06:43 upgrade dependencies
2025-02-12 22:02:01 cleanup dependencies
2025-09-21 02:30:39 rebuild project
2025-08-01 10:34:02 update roadmap
2025-05-21 08:28:42 add logging
2025-08-04 19:26:13 add example file
2025-04-22 01:58:25 reformat code
2025-06-08 13:18:05 update version
2025-08-12 05:29:38 fix build error
2025-06-14 00:54:39 merge branch
2025-02-20 03:30:25 improve security
2025-04-29 05:15:09 hotfix applied
2025-04-05 08:46:04 better defaults
2025-04-10 22:59:00 clean project structure
